2016-06-03 13:02:44,355 [Worker-3] INFO  o.e.m.c.i.l.LifecycleMappingFactory - Using org.eclipse.m2e.jdt.JarLifecycleMapping lifecycle mapping for MavenProject: com.pingpong:pingpong:0.0.1-SNAPSHOT @ /home/matthew/git/RESTpingpong/pingpong/pom.xml.
2016-06-03 13:02:48,242 [Worker-3] INFO  o.e.m.c.i.embedder.EclipseLogger - Using 'UTF-8' encoding to copy filtered resources.
2016-06-03 13:02:48,252 [Worker-3] INFO  o.e.m.c.i.embedder.EclipseLogger - Copying 1 resource
2016-06-03 13:02:48,303 [Worker-3] INFO  o.e.m.c.i.embedder.EclipseLogger - Copying 1 resource
2016-06-03 13:02:48,342 [Worker-3] INFO  o.e.m.c.i.embedder.EclipseLogger - Using 'UTF-8' encoding to copy filtered resources.
2016-06-03 13:02:48,342 [Worker-3] INFO  o.e.m.c.i.embedder.EclipseLogger - Copying 1 resource
2016-06-03 13:02:51,180 [Worker-7] INFO  o.e.m.c.i.embedder.EclipseLogger - Using 'UTF-8' encoding to copy filtered resources.
2016-06-03 13:02:51,197 [Worker-7] INFO  o.e.m.c.i.embedder.EclipseLogger - Copying 1 resource
2016-06-03 13:02:51,197 [Worker-7] INFO  o.e.m.c.i.embedder.EclipseLogger - Copying 1 resource
2016-06-03 13:02:51,213 [Worker-7] INFO  o.e.m.c.i.embedder.EclipseLogger - Using 'UTF-8' encoding to copy filtered resources.
2016-06-03 13:02:51,219 [Worker-7] INFO  o.e.m.c.i.embedder.EclipseLogger - Copying 1 resource
2016-06-03 13:02:52,377 [Worker-8] INFO  o.e.m.c.i.embedder.EclipseLogger - Using 'UTF-8' encoding to copy filtered resources.
2016-06-03 13:02:52,377 [Worker-8] INFO  o.e.m.c.i.embedder.EclipseLogger - Copying 1 resource
2016-06-03 13:02:52,378 [Worker-8] INFO  o.e.m.c.i.embedder.EclipseLogger - Copying 1 resource
2016-06-03 13:02:52,380 [Worker-8] INFO  o.e.m.c.i.embedder.EclipseLogger - Using 'UTF-8' encoding to copy filtered resources.
2016-06-03 13:02:52,401 [Worker-8] INFO  o.e.m.c.i.embedder.EclipseLogger - Copying 0 resource
2016-06-03 13:08:36,658 [Worker-9] WARN  o.e.m.c.i.embedder.EclipseLogger - Using platform encoding (UTF-8 actually) to copy filtered resources, i.e. build is platform dependent!
2016-06-03 13:08:36,680 [Worker-9] INFO  o.e.m.c.i.embedder.EclipseLogger - Copying 2 resources
2016-06-03 13:08:36,722 [Worker-9] WARN  o.e.m.c.i.embedder.EclipseLogger - Using platform encoding (UTF-8 actually) to copy filtered resources, i.e. build is platform dependent!
2016-06-03 13:08:36,725 [Worker-9] INFO  o.e.m.c.i.embedder.EclipseLogger - Copying 1 resource
2016-06-03 13:08:44,965 [Worker-2] INFO  o.e.m.c.i.l.LifecycleMappingFactory - Using org.maven.ide.eclipse.wtp.WarLifecycleMapping lifecycle mapping for MavenProject: project.pingpong:myapp:1.0.0-BUILD-SNAPSHOT @ /home/matthew/git/RESTpingpong/pingpong/pom.xml.
2016-06-03 13:08:47,553 [Worker-2] WARN  o.e.m.c.i.embedder.EclipseLogger - Using platform encoding (UTF-8 actually) to copy filtered resources, i.e. build is platform dependent!
2016-06-03 13:08:47,564 [Worker-2] INFO  o.e.m.c.i.embedder.EclipseLogger - Copying 1 resource
2016-06-03 13:08:47,574 [Worker-2] WARN  o.e.m.c.i.embedder.EclipseLogger - Using platform encoding (UTF-8 actually) to copy filtered resources, i.e. build is platform dependent!
2016-06-03 13:08:47,576 [Worker-2] INFO  o.e.m.c.i.embedder.EclipseLogger - Copying 1 resource
2016-06-03 13:08:47,583 [Worker-2] INFO  o.e.m.w.i.f.ResourceFilteringBuildParticipant - Changed resources require a complete clean of filtered resources of pingpong
2016-06-03 13:08:47,584 [Worker-2] INFO  o.e.m.w.i.f.ResourceFilteringBuildParticipant - Executing resource filtering for pingpong
2016-06-03 13:08:47,734 [Worker-2] WARN  o.e.m.c.i.embedder.EclipseLogger - Using platform encoding (UTF-8 actually) to copy filtered resources, i.e. build is platform dependent!
2016-06-03 13:08:53,915 [Worker-3] WARN  o.e.m.c.i.embedder.EclipseLogger - Using platform encoding (UTF-8 actually) to copy filtered resources, i.e. build is platform dependent!
2016-06-03 13:08:53,916 [Worker-3] INFO  o.e.m.c.i.embedder.EclipseLogger - Copying 1 resource
2016-06-03 13:08:53,924 [Worker-3] WARN  o.e.m.c.i.embedder.EclipseLogger - Using platform encoding (UTF-8 actually) to copy filtered resources, i.e. build is platform dependent!
2016-06-03 13:08:53,930 [Worker-3] INFO  o.e.m.c.i.embedder.EclipseLogger - Copying 1 resource
2016-06-03 13:09:11,560 [Worker-4] INFO  o.e.m.c.i.p.ProjectConfigurationManager - Update started
2016-06-03 13:09:12,142 [Worker-4] INFO  o.e.m.c.i.l.LifecycleMappingFactory - Using org.maven.ide.eclipse.wtp.WarLifecycleMapping lifecycle mapping for MavenProject: project.pingpong:myapp:1.0.0-BUILD-SNAPSHOT @ /home/matthew/git/RESTpingpong/pingpong/pom.xml.
2016-06-03 13:09:12,318 [Worker-4] ERROR o.e.m.w.WebProjectConfiguratorDelegate - pingpong/.settings/org.eclipse.wst.common.component is missing or invalid. Skipping module dependency configuration. Deployment issues may arise.
2016-06-03 13:09:13,004 [Worker-4] INFO  o.e.m.j.i.AbstractJavaProjectConfigurator - Adding source folder /pingpong/src/main/java
2016-06-03 13:09:13,005 [Worker-4] INFO  o.e.m.j.i.AbstractJavaProjectConfigurator - Adding resource folder /pingpong/src/main/resources
2016-06-03 13:09:13,006 [Worker-4] INFO  o.e.m.j.i.AbstractJavaProjectConfigurator - Adding source folder /pingpong/src/test/java
2016-06-03 13:09:13,006 [Worker-4] INFO  o.e.m.j.i.AbstractJavaProjectConfigurator - Adding resource folder /pingpong/src/test/resources
2016-06-03 13:09:15,744 [Worker-4] INFO  o.e.m.w.i.f.ResourceFilteringBuildParticipant - Cleaning filtered folder for pingpong
2016-06-03 13:09:15,878 [Worker-4] INFO  o.e.m.c.i.p.ProjectConfigurationManager - Update completed: 4 sec
2016-06-03 13:09:19,131 [Worker-1] WARN  o.e.m.c.i.embedder.EclipseLogger - Using platform encoding (UTF-8 actually) to copy filtered resources, i.e. build is platform dependent!
2016-06-03 13:09:19,143 [Worker-1] INFO  o.e.m.c.i.embedder.EclipseLogger - Copying 1 resource
2016-06-03 13:09:19,211 [Worker-1] WARN  o.e.m.c.i.embedder.EclipseLogger - Using platform encoding (UTF-8 actually) to copy filtered resources, i.e. build is platform dependent!
2016-06-03 13:09:19,212 [Worker-1] INFO  o.e.m.c.i.embedder.EclipseLogger - Copying 1 resource
2016-06-03 13:09:19,225 [Worker-1] INFO  o.e.m.w.i.f.ResourceFilteringBuildParticipant - Changed resources require a complete clean of filtered resources of pingpong
2016-06-03 13:09:19,225 [Worker-1] INFO  o.e.m.w.i.f.ResourceFilteringBuildParticipant - Executing resource filtering for pingpong
2016-06-03 13:09:19,287 [Worker-1] WARN  o.e.m.c.i.embedder.EclipseLogger - Using platform encoding (UTF-8 actually) to copy filtered resources, i.e. build is platform dependent!
2016-06-03 13:09:20,478 [Worker-0] WARN  o.e.m.c.i.embedder.EclipseLogger - Using platform encoding (UTF-8 actually) to copy filtered resources, i.e. build is platform dependent!
2016-06-03 13:09:20,479 [Worker-0] INFO  o.e.m.c.i.embedder.EclipseLogger - Copying 0 resource
2016-06-03 13:09:20,485 [Worker-0] WARN  o.e.m.c.i.embedder.EclipseLogger - Using platform encoding (UTF-8 actually) to copy filtered resources, i.e. build is platform dependent!
2016-06-03 13:09:20,487 [Worker-0] INFO  o.e.m.c.i.embedder.EclipseLogger - Copying 0 resource
2016-06-03 13:20:19,504 [Worker-5] WARN  o.e.m.c.i.embedder.EclipseLogger - Using platform encoding (UTF-8 actually) to copy filtered resources, i.e. build is platform dependent!
2016-06-03 13:20:19,512 [Worker-5] INFO  o.e.m.c.i.embedder.EclipseLogger - Copying 0 resource
2016-06-03 13:20:19,514 [Worker-5] WARN  o.e.m.c.i.embedder.EclipseLogger - Using platform encoding (UTF-8 actually) to copy filtered resources, i.e. build is platform dependent!
2016-06-03 13:20:19,515 [Worker-5] INFO  o.e.m.c.i.embedder.EclipseLogger - Copying 0 resource
2016-06-03 13:22:35,411 [Worker-5] WARN  o.e.m.c.i.embedder.EclipseLogger - Using platform encoding (UTF-8 actually) to copy filtered resources, i.e. build is platform dependent!
2016-06-03 13:22:35,421 [Worker-5] INFO  o.e.m.c.i.embedder.EclipseLogger - Copying 1 resource
2016-06-03 13:22:35,423 [Worker-5] WARN  o.e.m.c.i.embedder.EclipseLogger - Using platform encoding (UTF-8 actually) to copy filtered resources, i.e. build is platform dependent!
2016-06-03 13:22:35,423 [Worker-5] INFO  o.e.m.c.i.embedder.EclipseLogger - Copying 0 resource
2016-06-03 13:23:35,899 [Worker-9] WARN  o.e.m.c.i.embedder.EclipseLogger - Using platform encoding (UTF-8 actually) to copy filtered resources, i.e. build is platform dependent!
2016-06-03 13:23:35,900 [Worker-9] INFO  o.e.m.c.i.embedder.EclipseLogger - Copying 1 resource
2016-06-03 13:23:35,909 [Worker-9] WARN  o.e.m.c.i.embedder.EclipseLogger - Using platform encoding (UTF-8 actually) to copy filtered resources, i.e. build is platform dependent!
2016-06-03 13:23:35,909 [Worker-9] INFO  o.e.m.c.i.embedder.EclipseLogger - Copying 0 resource
2016-06-03 13:36:08,359 [Worker-15] WARN  o.e.m.c.i.embedder.EclipseLogger - Using platform encoding (UTF-8 actually) to copy filtered resources, i.e. build is platform dependent!
2016-06-03 13:36:08,372 [Worker-15] INFO  o.e.m.c.i.embedder.EclipseLogger - Copying 1 resource
2016-06-03 13:36:08,382 [Worker-15] WARN  o.e.m.c.i.embedder.EclipseLogger - Using platform encoding (UTF-8 actually) to copy filtered resources, i.e. build is platform dependent!
2016-06-03 13:36:08,383 [Worker-15] INFO  o.e.m.c.i.embedder.EclipseLogger - Copying 0 resource
2016-06-03 13:36:54,084 [Worker-8] WARN  o.e.m.c.i.embedder.EclipseLogger - Using platform encoding (UTF-8 actually) to copy filtered resources, i.e. build is platform dependent!
2016-06-03 13:36:54,090 [Worker-8] INFO  o.e.m.c.i.embedder.EclipseLogger - Copying 1 resource
2016-06-03 13:36:54,092 [Worker-8] WARN  o.e.m.c.i.embedder.EclipseLogger - Using platform encoding (UTF-8 actually) to copy filtered resources, i.e. build is platform dependent!
2016-06-03 13:36:54,094 [Worker-8] INFO  o.e.m.c.i.embedder.EclipseLogger - Copying 0 resource
2016-06-03 13:37:13,171 [Start Help Server] INFO  org.eclipse.jetty.util.log - Logging initialized @1757738ms
2016-06-03 13:37:13,577 [Start Help Server] INFO  org.eclipse.jetty.server.Server - jetty-9.3.5.v20151012
2016-06-03 13:37:13,778 [Start Help Server] INFO  o.e.j.server.handler.ContextHandler - Started o.e.j.s.ServletContextHandler@8c22fe{/help,null,AVAILABLE}
2016-06-03 13:37:13,809 [Start Help Server] INFO  o.e.jetty.server.ServerConnector - Started ServerConnector@16b0bae{HTTP/1.1,[http/1.1]}{127.0.0.1:56416}
2016-06-03 13:37:13,810 [Start Help Server] INFO  org.eclipse.jetty.server.Server - Started @1758377ms
2016-06-03 13:38:45,408 [Worker-8] WARN  o.e.m.c.i.embedder.EclipseLogger - Using platform encoding (UTF-8 actually) to copy filtered resources, i.e. build is platform dependent!
2016-06-03 13:38:45,409 [Worker-8] INFO  o.e.m.c.i.embedder.EclipseLogger - Copying 1 resource
2016-06-03 13:38:45,412 [Worker-8] WARN  o.e.m.c.i.embedder.EclipseLogger - Using platform encoding (UTF-8 actually) to copy filtered resources, i.e. build is platform dependent!
2016-06-03 13:38:45,412 [Worker-8] INFO  o.e.m.c.i.embedder.EclipseLogger - Copying 0 resource
2016-06-03 13:41:49,693 [Worker-16] WARN  o.e.m.c.i.embedder.EclipseLogger - Using platform encoding (UTF-8 actually) to copy filtered resources, i.e. build is platform dependent!
2016-06-03 13:41:49,721 [Worker-16] INFO  o.e.m.c.i.embedder.EclipseLogger - Copying 1 resource
2016-06-03 13:41:49,723 [Worker-16] WARN  o.e.m.c.i.embedder.EclipseLogger - Using platform encoding (UTF-8 actually) to copy filtered resources, i.e. build is platform dependent!
2016-06-03 13:41:49,724 [Worker-16] INFO  o.e.m.c.i.embedder.EclipseLogger - Copying 0 resource
2016-06-03 13:42:11,358 [Worker-8] WARN  o.e.m.c.i.embedder.EclipseLogger - Using platform encoding (UTF-8 actually) to copy filtered resources, i.e. build is platform dependent!
2016-06-03 13:42:11,364 [Worker-8] INFO  o.e.m.c.i.embedder.EclipseLogger - Copying 1 resource
2016-06-03 13:42:11,370 [Worker-8] WARN  o.e.m.c.i.embedder.EclipseLogger - Using platform encoding (UTF-8 actually) to copy filtered resources, i.e. build is platform dependent!
2016-06-03 13:42:11,374 [Worker-8] INFO  o.e.m.c.i.embedder.EclipseLogger - Copying 0 resource
2016-06-03 13:42:53,103 [Worker-16] WARN  o.e.m.c.i.embedder.EclipseLogger - Using platform encoding (UTF-8 actually) to copy filtered resources, i.e. build is platform dependent!
2016-06-03 13:42:53,108 [Worker-16] INFO  o.e.m.c.i.embedder.EclipseLogger - Copying 1 resource
2016-06-03 13:42:53,115 [Worker-16] WARN  o.e.m.c.i.embedder.EclipseLogger - Using platform encoding (UTF-8 actually) to copy filtered resources, i.e. build is platform dependent!
2016-06-03 13:42:53,115 [Worker-16] INFO  o.e.m.c.i.embedder.EclipseLogger - Copying 0 resource
2016-06-03 13:43:26,785 [Worker-4] WARN  o.e.m.c.i.embedder.EclipseLogger - Using platform encoding (UTF-8 actually) to copy filtered resources, i.e. build is platform dependent!
2016-06-03 13:43:26,786 [Worker-4] INFO  o.e.m.c.i.embedder.EclipseLogger - Copying 1 resource
2016-06-03 13:43:26,788 [Worker-4] WARN  o.e.m.c.i.embedder.EclipseLogger - Using platform encoding (UTF-8 actually) to copy filtered resources, i.e. build is platform dependent!
2016-06-03 13:43:26,788 [Worker-4] INFO  o.e.m.c.i.embedder.EclipseLogger - Copying 0 resource
2016-06-03 13:43:44,584 [Worker-8] WARN  o.e.m.c.i.embedder.EclipseLogger - Using platform encoding (UTF-8 actually) to copy filtered resources, i.e. build is platform dependent!
2016-06-03 13:43:44,585 [Worker-8] INFO  o.e.m.c.i.embedder.EclipseLogger - Copying 1 resource
2016-06-03 13:43:44,595 [Worker-8] WARN  o.e.m.c.i.embedder.EclipseLogger - Using platform encoding (UTF-8 actually) to copy filtered resources, i.e. build is platform dependent!
2016-06-03 13:43:44,596 [Worker-8] INFO  o.e.m.c.i.embedder.EclipseLogger - Copying 0 resource
2016-06-03 13:46:54,705 [Worker-20] WARN  o.e.m.c.i.embedder.EclipseLogger - Using platform encoding (UTF-8 actually) to copy filtered resources, i.e. build is platform dependent!
2016-06-03 13:46:54,706 [Worker-20] INFO  o.e.m.c.i.embedder.EclipseLogger - Copying 1 resource
2016-06-03 13:46:54,725 [Worker-20] WARN  o.e.m.c.i.embedder.EclipseLogger - Using platform encoding (UTF-8 actually) to copy filtered resources, i.e. build is platform dependent!
2016-06-03 13:46:54,725 [Worker-20] INFO  o.e.m.c.i.embedder.EclipseLogger - Copying 0 resource
2016-06-03 13:47:08,542 [Worker-19] WARN  o.e.m.c.i.embedder.EclipseLogger - Using platform encoding (UTF-8 actually) to copy filtered resources, i.e. build is platform dependent!
2016-06-03 13:47:08,554 [Worker-19] INFO  o.e.m.c.i.embedder.EclipseLogger - Copying 1 resource
2016-06-03 13:47:08,564 [Worker-19] WARN  o.e.m.c.i.embedder.EclipseLogger - Using platform encoding (UTF-8 actually) to copy filtered resources, i.e. build is platform dependent!
2016-06-03 13:47:08,565 [Worker-19] INFO  o.e.m.c.i.embedder.EclipseLogger - Copying 0 resource
2016-06-03 13:48:04,355 [Worker-4] WARN  o.e.m.c.i.embedder.EclipseLogger - Using platform encoding (UTF-8 actually) to copy filtered resources, i.e. build is platform dependent!
2016-06-03 13:48:04,374 [Worker-4] INFO  o.e.m.c.i.embedder.EclipseLogger - Copying 1 resource
2016-06-03 13:48:04,380 [Worker-4] WARN  o.e.m.c.i.embedder.EclipseLogger - Using platform encoding (UTF-8 actually) to copy filtered resources, i.e. build is platform dependent!
2016-06-03 13:48:04,381 [Worker-4] INFO  o.e.m.c.i.embedder.EclipseLogger - Copying 0 resource
2016-06-03 13:50:03,879 [Worker-8] WARN  o.e.m.c.i.embedder.EclipseLogger - Using platform encoding (UTF-8 actually) to copy filtered resources, i.e. build is platform dependent!
2016-06-03 13:50:03,879 [Worker-8] INFO  o.e.m.c.i.embedder.EclipseLogger - Copying 0 resource
2016-06-03 13:50:03,902 [Worker-8] WARN  o.e.m.c.i.embedder.EclipseLogger - Using platform encoding (UTF-8 actually) to copy filtered resources, i.e. build is platform dependent!
2016-06-03 13:50:03,917 [Worker-8] INFO  o.e.m.c.i.embedder.EclipseLogger - Copying 0 resource
2016-06-03 13:54:40,389 [Worker-22] WARN  o.e.m.c.i.embedder.EclipseLogger - Using platform encoding (UTF-8 actually) to copy filtered resources, i.e. build is platform dependent!
2016-06-03 13:54:40,394 [Worker-22] INFO  o.e.m.c.i.embedder.EclipseLogger - Copying 1 resource
2016-06-03 13:54:40,402 [Worker-22] WARN  o.e.m.c.i.embedder.EclipseLogger - Using platform encoding (UTF-8 actually) to copy filtered resources, i.e. build is platform dependent!
2016-06-03 13:54:40,407 [Worker-22] INFO  o.e.m.c.i.embedder.EclipseLogger - Copying 0 resource
2016-06-03 13:54:53,286 [Worker-22] WARN  o.e.m.c.i.embedder.EclipseLogger - Using platform encoding (UTF-8 actually) to copy filtered resources, i.e. build is platform dependent!
2016-06-03 13:54:53,290 [Worker-22] INFO  o.e.m.c.i.embedder.EclipseLogger - Copying 1 resource
2016-06-03 13:54:53,312 [Worker-22] WARN  o.e.m.c.i.embedder.EclipseLogger - Using platform encoding (UTF-8 actually) to copy filtered resources, i.e. build is platform dependent!
2016-06-03 13:54:53,312 [Worker-22] INFO  o.e.m.c.i.embedder.EclipseLogger - Copying 0 resource
2016-06-03 13:55:12,130 [Worker-22] WARN  o.e.m.c.i.embedder.EclipseLogger - Using platform encoding (UTF-8 actually) to copy filtered resources, i.e. build is platform dependent!
2016-06-03 13:55:12,136 [Worker-22] INFO  o.e.m.c.i.embedder.EclipseLogger - Copying 1 resource
2016-06-03 13:55:12,156 [Worker-22] WARN  o.e.m.c.i.embedder.EclipseLogger - Using platform encoding (UTF-8 actually) to copy filtered resources, i.e. build is platform dependent!
2016-06-03 13:55:12,157 [Worker-22] INFO  o.e.m.c.i.embedder.EclipseLogger - Copying 0 resource
2016-06-03 13:55:40,649 [Worker-27] WARN  o.e.m.c.i.embedder.EclipseLogger - Using platform encoding (UTF-8 actually) to copy filtered resources, i.e. build is platform dependent!
2016-06-03 13:55:40,653 [Worker-27] INFO  o.e.m.c.i.embedder.EclipseLogger - Copying 1 resource
2016-06-03 13:55:40,668 [Worker-27] WARN  o.e.m.c.i.embedder.EclipseLogger - Using platform encoding (UTF-8 actually) to copy filtered resources, i.e. build is platform dependent!
2016-06-03 13:55:40,674 [Worker-27] INFO  o.e.m.c.i.embedder.EclipseLogger - Copying 0 resource
2016-06-03 13:55:57,854 [Worker-30] WARN  o.e.m.c.i.embedder.EclipseLogger - Using platform encoding (UTF-8 actually) to copy filtered resources, i.e. build is platform dependent!
2016-06-03 13:55:57,858 [Worker-30] INFO  o.e.m.c.i.embedder.EclipseLogger - Copying 1 resource
2016-06-03 13:55:57,863 [Worker-30] WARN  o.e.m.c.i.embedder.EclipseLogger - Using platform encoding (UTF-8 actually) to copy filtered resources, i.e. build is platform dependent!
2016-06-03 13:55:57,866 [Worker-30] INFO  o.e.m.c.i.embedder.EclipseLogger - Copying 0 resource
2016-06-03 14:00:09,243 [Worker-33] WARN  o.e.m.c.i.embedder.EclipseLogger - Using platform encoding (UTF-8 actually) to copy filtered resources, i.e. build is platform dependent!
2016-06-03 14:00:09,249 [Worker-33] INFO  o.e.m.c.i.embedder.EclipseLogger - Copying 1 resource
2016-06-03 14:00:09,256 [Worker-33] WARN  o.e.m.c.i.embedder.EclipseLogger - Using platform encoding (UTF-8 actually) to copy filtered resources, i.e. build is platform dependent!
2016-06-03 14:00:09,257 [Worker-33] INFO  o.e.m.c.i.embedder.EclipseLogger - Copying 0 resource
2016-06-03 14:01:27,493 [Worker-36] WARN  o.e.m.c.i.embedder.EclipseLogger - Using platform encoding (UTF-8 actually) to copy filtered resources, i.e. build is platform dependent!
2016-06-03 14:01:27,498 [Worker-36] INFO  o.e.m.c.i.embedder.EclipseLogger - Copying 1 resource
2016-06-03 14:01:27,504 [Worker-36] WARN  o.e.m.c.i.embedder.EclipseLogger - Using platform encoding (UTF-8 actually) to copy filtered resources, i.e. build is platform dependent!
2016-06-03 14:01:27,507 [Worker-36] INFO  o.e.m.c.i.embedder.EclipseLogger - Copying 0 resource
2016-06-03 14:01:35,366 [Worker-32] WARN  o.e.m.c.i.embedder.EclipseLogger - Using platform encoding (UTF-8 actually) to copy filtered resources, i.e. build is platform dependent!
2016-06-03 14:01:35,373 [Worker-32] INFO  o.e.m.c.i.embedder.EclipseLogger - Copying 1 resource
2016-06-03 14:01:35,377 [Worker-32] WARN  o.e.m.c.i.embedder.EclipseLogger - Using platform encoding (UTF-8 actually) to copy filtered resources, i.e. build is platform dependent!
2016-06-03 14:01:35,383 [Worker-32] INFO  o.e.m.c.i.embedder.EclipseLogger - Copying 0 resource
2016-06-03 14:02:12,897 [Worker-33] WARN  o.e.m.c.i.embedder.EclipseLogger - Using platform encoding (UTF-8 actually) to copy filtered resources, i.e. build is platform dependent!
2016-06-03 14:02:12,899 [Worker-33] INFO  o.e.m.c.i.embedder.EclipseLogger - Copying 1 resource
2016-06-03 14:02:12,908 [Worker-33] WARN  o.e.m.c.i.embedder.EclipseLogger - Using platform encoding (UTF-8 actually) to copy filtered resources, i.e. build is platform dependent!
2016-06-03 14:02:12,913 [Worker-33] INFO  o.e.m.c.i.embedder.EclipseLogger - Copying 0 resource
2016-06-03 14:10:09,967 [Worker-40] WARN  o.e.m.c.i.embedder.EclipseLogger - Using platform encoding (UTF-8 actually) to copy filtered resources, i.e. build is platform dependent!
2016-06-03 14:10:09,974 [Worker-40] INFO  o.e.m.c.i.embedder.EclipseLogger - Copying 1 resource
2016-06-03 14:10:09,984 [Worker-40] WARN  o.e.m.c.i.embedder.EclipseLogger - Using platform encoding (UTF-8 actually) to copy filtered resources, i.e. build is platform dependent!
2016-06-03 14:10:09,986 [Worker-40] INFO  o.e.m.c.i.embedder.EclipseLogger - Copying 0 resource
2016-06-03 14:11:24,224 [Worker-34] WARN  o.e.m.c.i.embedder.EclipseLogger - Using platform encoding (UTF-8 actually) to copy filtered resources, i.e. build is platform dependent!
2016-06-03 14:11:24,255 [Worker-34] INFO  o.e.m.c.i.embedder.EclipseLogger - Copying 1 resource
2016-06-03 14:11:24,263 [Worker-34] WARN  o.e.m.c.i.embedder.EclipseLogger - Using platform encoding (UTF-8 actually) to copy filtered resources, i.e. build is platform dependent!
2016-06-03 14:11:24,266 [Worker-34] INFO  o.e.m.c.i.embedder.EclipseLogger - Copying 0 resource
2016-06-03 14:12:12,867 [Worker-43] WARN  o.e.m.c.i.embedder.EclipseLogger - Using platform encoding (UTF-8 actually) to copy filtered resources, i.e. build is platform dependent!
2016-06-03 14:12:12,874 [Worker-43] INFO  o.e.m.c.i.embedder.EclipseLogger - Copying 1 resource
2016-06-03 14:12:12,878 [Worker-43] WARN  o.e.m.c.i.embedder.EclipseLogger - Using platform encoding (UTF-8 actually) to copy filtered resources, i.e. build is platform dependent!
2016-06-03 14:12:12,879 [Worker-43] INFO  o.e.m.c.i.embedder.EclipseLogger - Copying 0 resource
2016-06-03 14:12:29,021 [Worker-48] WARN  o.e.m.c.i.embedder.EclipseLogger - Using platform encoding (UTF-8 actually) to copy filtered resources, i.e. build is platform dependent!
2016-06-03 14:12:29,022 [Worker-48] INFO  o.e.m.c.i.embedder.EclipseLogger - Copying 1 resource
2016-06-03 14:12:29,026 [Worker-48] WARN  o.e.m.c.i.embedder.EclipseLogger - Using platform encoding (UTF-8 actually) to copy filtered resources, i.e. build is platform dependent!
2016-06-03 14:12:29,028 [Worker-48] INFO  o.e.m.c.i.embedder.EclipseLogger - Copying 0 resource
2016-06-03 14:14:33,555 [Worker-32] WARN  o.e.m.c.i.embedder.EclipseLogger - Using platform encoding (UTF-8 actually) to copy filtered resources, i.e. build is platform dependent!
2016-06-03 14:14:33,564 [Worker-32] INFO  o.e.m.c.i.embedder.EclipseLogger - Copying 1 resource
2016-06-03 14:14:33,573 [Worker-32] WARN  o.e.m.c.i.embedder.EclipseLogger - Using platform encoding (UTF-8 actually) to copy filtered resources, i.e. build is platform dependent!
2016-06-03 14:14:33,573 [Worker-32] INFO  o.e.m.c.i.embedder.EclipseLogger - Copying 0 resource
2016-06-03 14:16:13,514 [Worker-49] WARN  o.e.m.c.i.embedder.EclipseLogger - Using platform encoding (UTF-8 actually) to copy filtered resources, i.e. build is platform dependent!
2016-06-03 14:16:13,527 [Worker-49] INFO  o.e.m.c.i.embedder.EclipseLogger - Copying 1 resource
2016-06-03 14:16:13,534 [Worker-49] WARN  o.e.m.c.i.embedder.EclipseLogger - Using platform encoding (UTF-8 actually) to copy filtered resources, i.e. build is platform dependent!
2016-06-03 14:16:13,541 [Worker-49] INFO  o.e.m.c.i.embedder.EclipseLogger - Copying 0 resource
2016-06-03 14:16:18,871 [Worker-50] WARN  o.e.m.c.i.embedder.EclipseLogger - Using platform encoding (UTF-8 actually) to copy filtered resources, i.e. build is platform dependent!
2016-06-03 14:16:18,882 [Worker-50] INFO  o.e.m.c.i.embedder.EclipseLogger - Copying 1 resource
2016-06-03 14:16:18,894 [Worker-50] WARN  o.e.m.c.i.embedder.EclipseLogger - Using platform encoding (UTF-8 actually) to copy filtered resources, i.e. build is platform dependent!
2016-06-03 14:16:18,896 [Worker-50] INFO  o.e.m.c.i.embedder.EclipseLogger - Copying 0 resource
2016-06-03 14:16:52,721 [Worker-51] WARN  o.e.m.c.i.embedder.EclipseLogger - Using platform encoding (UTF-8 actually) to copy filtered resources, i.e. build is platform dependent!
2016-06-03 14:16:52,728 [Worker-51] INFO  o.e.m.c.i.embedder.EclipseLogger - Copying 1 resource
2016-06-03 14:16:52,735 [Worker-51] WARN  o.e.m.c.i.embedder.EclipseLogger - Using platform encoding (UTF-8 actually) to copy filtered resources, i.e. build is platform dependent!
2016-06-03 14:16:52,740 [Worker-51] INFO  o.e.m.c.i.embedder.EclipseLogger - Copying 0 resource
2016-06-03 14:17:00,626 [Worker-32] WARN  o.e.m.c.i.embedder.EclipseLogger - Using platform encoding (UTF-8 actually) to copy filtered resources, i.e. build is platform dependent!
2016-06-03 14:17:00,634 [Worker-32] INFO  o.e.m.c.i.embedder.EclipseLogger - Copying 1 resource
2016-06-03 14:17:00,641 [Worker-32] WARN  o.e.m.c.i.embedder.EclipseLogger - Using platform encoding (UTF-8 actually) to copy filtered resources, i.e. build is platform dependent!
2016-06-03 14:17:00,641 [Worker-32] INFO  o.e.m.c.i.embedder.EclipseLogger - Copying 0 resource
2016-06-03 14:17:19,855 [Worker-54] WARN  o.e.m.c.i.embedder.EclipseLogger - Using platform encoding (UTF-8 actually) to copy filtered resources, i.e. build is platform dependent!
2016-06-03 14:17:19,861 [Worker-54] INFO  o.e.m.c.i.embedder.EclipseLogger - Copying 1 resource
2016-06-03 14:17:19,865 [Worker-54] WARN  o.e.m.c.i.embedder.EclipseLogger - Using platform encoding (UTF-8 actually) to copy filtered resources, i.e. build is platform dependent!
2016-06-03 14:17:19,866 [Worker-54] INFO  o.e.m.c.i.embedder.EclipseLogger - Copying 0 resource
2016-06-03 14:21:21,330 [Worker-56] WARN  o.e.m.c.i.embedder.EclipseLogger - Using platform encoding (UTF-8 actually) to copy filtered resources, i.e. build is platform dependent!
2016-06-03 14:21:21,332 [Worker-56] INFO  o.e.m.c.i.embedder.EclipseLogger - Copying 1 resource
2016-06-03 14:21:21,335 [Worker-56] WARN  o.e.m.c.i.embedder.EclipseLogger - Using platform encoding (UTF-8 actually) to copy filtered resources, i.e. build is platform dependent!
2016-06-03 14:21:21,338 [Worker-56] INFO  o.e.m.c.i.embedder.EclipseLogger - Copying 0 resource
2016-06-03 14:22:09,580 [Worker-32] WARN  o.e.m.c.i.embedder.EclipseLogger - Using platform encoding (UTF-8 actually) to copy filtered resources, i.e. build is platform dependent!
2016-06-03 14:22:09,590 [Worker-32] INFO  o.e.m.c.i.embedder.EclipseLogger - Copying 1 resource
2016-06-03 14:22:09,610 [Worker-32] WARN  o.e.m.c.i.embedder.EclipseLogger - Using platform encoding (UTF-8 actually) to copy filtered resources, i.e. build is platform dependent!
2016-06-03 14:22:09,611 [Worker-32] INFO  o.e.m.c.i.embedder.EclipseLogger - Copying 0 resource
2016-06-03 14:22:27,234 [Worker-56] WARN  o.e.m.c.i.embedder.EclipseLogger - Using platform encoding (UTF-8 actually) to copy filtered resources, i.e. build is platform dependent!
2016-06-03 14:22:27,238 [Worker-56] INFO  o.e.m.c.i.embedder.EclipseLogger - Copying 1 resource
2016-06-03 14:22:27,248 [Worker-56] WARN  o.e.m.c.i.embedder.EclipseLogger - Using platform encoding (UTF-8 actually) to copy filtered resources, i.e. build is platform dependent!
2016-06-03 14:22:27,249 [Worker-56] INFO  o.e.m.c.i.embedder.EclipseLogger - Copying 0 resource
2016-06-03 14:22:35,222 [Worker-60] WARN  o.e.m.c.i.embedder.EclipseLogger - Using platform encoding (UTF-8 actually) to copy filtered resources, i.e. build is platform dependent!
2016-06-03 14:22:35,234 [Worker-60] INFO  o.e.m.c.i.embedder.EclipseLogger - Copying 1 resource
2016-06-03 14:22:35,253 [Worker-60] WARN  o.e.m.c.i.embedder.EclipseLogger - Using platform encoding (UTF-8 actually) to copy filtered resources, i.e. build is platform dependent!
2016-06-03 14:22:35,262 [Worker-60] INFO  o.e.m.c.i.embedder.EclipseLogger - Copying 0 resource
2016-06-03 14:22:40,760 [Worker-32] WARN  o.e.m.c.i.embedder.EclipseLogger - Using platform encoding (UTF-8 actually) to copy filtered resources, i.e. build is platform dependent!
2016-06-03 14:22:40,762 [Worker-32] INFO  o.e.m.c.i.embedder.EclipseLogger - Copying 1 resource
2016-06-03 14:22:40,775 [Worker-32] WARN  o.e.m.c.i.embedder.EclipseLogger - Using platform encoding (UTF-8 actually) to copy filtered resources, i.e. build is platform dependent!
2016-06-03 14:22:40,775 [Worker-32] INFO  o.e.m.c.i.embedder.EclipseLogger - Copying 0 resource
2016-06-03 14:23:04,162 [Worker-57] WARN  o.e.m.c.i.embedder.EclipseLogger - Using platform encoding (UTF-8 actually) to copy filtered resources, i.e. build is platform dependent!
2016-06-03 14:23:04,166 [Worker-57] INFO  o.e.m.c.i.embedder.EclipseLogger - Copying 1 resource
2016-06-03 14:23:04,172 [Worker-57] WARN  o.e.m.c.i.embedder.EclipseLogger - Using platform encoding (UTF-8 actually) to copy filtered resources, i.e. build is platform dependent!
2016-06-03 14:23:04,174 [Worker-57] INFO  o.e.m.c.i.embedder.EclipseLogger - Copying 0 resource
2016-06-03 14:23:11,468 [Worker-57] WARN  o.e.m.c.i.embedder.EclipseLogger - Using platform encoding (UTF-8 actually) to copy filtered resources, i.e. build is platform dependent!
2016-06-03 14:23:11,477 [Worker-57] INFO  o.e.m.c.i.embedder.EclipseLogger - Copying 1 resource
2016-06-03 14:23:11,483 [Worker-57] WARN  o.e.m.c.i.embedder.EclipseLogger - Using platform encoding (UTF-8 actually) to copy filtered resources, i.e. build is platform dependent!
2016-06-03 14:23:11,488 [Worker-57] INFO  o.e.m.c.i.embedder.EclipseLogger - Copying 0 resource
2016-06-03 14:23:27,164 [Worker-58] WARN  o.e.m.c.i.embedder.EclipseLogger - Using platform encoding (UTF-8 actually) to copy filtered resources, i.e. build is platform dependent!
2016-06-03 14:23:27,172 [Worker-58] INFO  o.e.m.c.i.embedder.EclipseLogger - Copying 1 resource
2016-06-03 14:23:27,184 [Worker-58] WARN  o.e.m.c.i.embedder.EclipseLogger - Using platform encoding (UTF-8 actually) to copy filtered resources, i.e. build is platform dependent!
2016-06-03 14:23:27,188 [Worker-58] INFO  o.e.m.c.i.embedder.EclipseLogger - Copying 0 resource
2016-06-03 14:27:24,854 [Worker-65] WARN  o.e.m.c.i.embedder.EclipseLogger - Using platform encoding (UTF-8 actually) to copy filtered resources, i.e. build is platform dependent!
2016-06-03 14:27:24,862 [Worker-65] INFO  o.e.m.c.i.embedder.EclipseLogger - Copying 1 resource
2016-06-03 14:27:24,874 [Worker-65] WARN  o.e.m.c.i.embedder.EclipseLogger - Using platform encoding (UTF-8 actually) to copy filtered resources, i.e. build is platform dependent!
2016-06-03 14:27:24,885 [Worker-65] INFO  o.e.m.c.i.embedder.EclipseLogger - Copying 0 resource
2016-06-03 14:32:37,408 [Worker-68] WARN  o.e.m.c.i.embedder.EclipseLogger - Using platform encoding (UTF-8 actually) to copy filtered resources, i.e. build is platform dependent!
2016-06-03 14:32:37,418 [Worker-68] INFO  o.e.m.c.i.embedder.EclipseLogger - Copying 1 resource
2016-06-03 14:32:37,440 [Worker-68] WARN  o.e.m.c.i.embedder.EclipseLogger - Using platform encoding (UTF-8 actually) to copy filtered resources, i.e. build is platform dependent!
2016-06-03 14:32:37,447 [Worker-68] INFO  o.e.m.c.i.embedder.EclipseLogger - Copying 0 resource
2016-06-03 14:32:56,038 [Worker-64] WARN  o.e.m.c.i.embedder.EclipseLogger - Using platform encoding (UTF-8 actually) to copy filtered resources, i.e. build is platform dependent!
2016-06-03 14:32:56,041 [Worker-64] INFO  o.e.m.c.i.embedder.EclipseLogger - Copying 1 resource
2016-06-03 14:32:56,050 [Worker-64] WARN  o.e.m.c.i.embedder.EclipseLogger - Using platform encoding (UTF-8 actually) to copy filtered resources, i.e. build is platform dependent!
2016-06-03 14:32:56,054 [Worker-64] INFO  o.e.m.c.i.embedder.EclipseLogger - Copying 0 resource
2016-06-03 14:32:59,080 [Worker-65] WARN  o.e.m.c.i.embedder.EclipseLogger - Using platform encoding (UTF-8 actually) to copy filtered resources, i.e. build is platform dependent!
2016-06-03 14:32:59,082 [Worker-65] INFO  o.e.m.c.i.embedder.EclipseLogger - Copying 1 resource
2016-06-03 14:32:59,087 [Worker-65] WARN  o.e.m.c.i.embedder.EclipseLogger - Using platform encoding (UTF-8 actually) to copy filtered resources, i.e. build is platform dependent!
2016-06-03 14:32:59,089 [Worker-65] INFO  o.e.m.c.i.embedder.EclipseLogger - Copying 0 resource
2016-06-03 14:38:32,351 [Worker-70] WARN  o.e.m.c.i.embedder.EclipseLogger - Using platform encoding (UTF-8 actually) to copy filtered resources, i.e. build is platform dependent!
2016-06-03 14:38:32,354 [Worker-70] INFO  o.e.m.c.i.embedder.EclipseLogger - Copying 1 resource
2016-06-03 14:38:32,361 [Worker-70] WARN  o.e.m.c.i.embedder.EclipseLogger - Using platform encoding (UTF-8 actually) to copy filtered resources, i.e. build is platform dependent!
2016-06-03 14:38:32,362 [Worker-70] INFO  o.e.m.c.i.embedder.EclipseLogger - Copying 0 resource
2016-06-03 14:38:50,809 [Worker-75] WARN  o.e.m.c.i.embedder.EclipseLogger - Using platform encoding (UTF-8 actually) to copy filtered resources, i.e. build is platform dependent!
2016-06-03 14:38:50,816 [Worker-75] INFO  o.e.m.c.i.embedder.EclipseLogger - Copying 1 resource
2016-06-03 14:38:50,819 [Worker-75] WARN  o.e.m.c.i.embedder.EclipseLogger - Using platform encoding (UTF-8 actually) to copy filtered resources, i.e. build is platform dependent!
2016-06-03 14:38:50,821 [Worker-75] INFO  o.e.m.c.i.embedder.EclipseLogger - Copying 0 resource
2016-06-03 14:39:05,110 [Worker-71] WARN  o.e.m.c.i.embedder.EclipseLogger - Using platform encoding (UTF-8 actually) to copy filtered resources, i.e. build is platform dependent!
2016-06-03 14:39:05,118 [Worker-71] INFO  o.e.m.c.i.embedder.EclipseLogger - Copying 1 resource
2016-06-03 14:39:05,133 [Worker-71] WARN  o.e.m.c.i.embedder.EclipseLogger - Using platform encoding (UTF-8 actually) to copy filtered resources, i.e. build is platform dependent!
2016-06-03 14:39:05,133 [Worker-71] INFO  o.e.m.c.i.embedder.EclipseLogger - Copying 0 resource
2016-06-03 14:41:30,559 [Worker-81] WARN  o.e.m.c.i.embedder.EclipseLogger - Using platform encoding (UTF-8 actually) to copy filtered resources, i.e. build is platform dependent!
2016-06-03 14:41:30,570 [Worker-81] INFO  o.e.m.c.i.embedder.EclipseLogger - Copying 1 resource
2016-06-03 14:41:30,586 [Worker-81] WARN  o.e.m.c.i.embedder.EclipseLogger - Using platform encoding (UTF-8 actually) to copy filtered resources, i.e. build is platform dependent!
2016-06-03 14:41:30,591 [Worker-81] INFO  o.e.m.c.i.embedder.EclipseLogger - Copying 0 resource
2016-06-03 14:44:31,448 [Worker-85] WARN  o.e.m.c.i.embedder.EclipseLogger - Using platform encoding (UTF-8 actually) to copy filtered resources, i.e. build is platform dependent!
2016-06-03 14:44:31,453 [Worker-85] INFO  o.e.m.c.i.embedder.EclipseLogger - Copying 1 resource
2016-06-03 14:44:31,458 [Worker-85] WARN  o.e.m.c.i.embedder.EclipseLogger - Using platform encoding (UTF-8 actually) to copy filtered resources, i.e. build is platform dependent!
2016-06-03 14:44:31,461 [Worker-85] INFO  o.e.m.c.i.embedder.EclipseLogger - Copying 0 resource
2016-06-03 14:44:38,263 [Worker-88] WARN  o.e.m.c.i.embedder.EclipseLogger - Using platform encoding (UTF-8 actually) to copy filtered resources, i.e. build is platform dependent!
2016-06-03 14:44:38,266 [Worker-88] INFO  o.e.m.c.i.embedder.EclipseLogger - Copying 1 resource
2016-06-03 14:44:38,295 [Worker-88] WARN  o.e.m.c.i.embedder.EclipseLogger - Using platform encoding (UTF-8 actually) to copy filtered resources, i.e. build is platform dependent!
2016-06-03 14:44:38,296 [Worker-88] INFO  o.e.m.c.i.embedder.EclipseLogger - Copying 0 resource
2016-06-03 14:44:42,735 [Worker-85] WARN  o.e.m.c.i.embedder.EclipseLogger - Using platform encoding (UTF-8 actually) to copy filtered resources, i.e. build is platform dependent!
2016-06-03 14:44:42,741 [Worker-85] INFO  o.e.m.c.i.embedder.EclipseLogger - Copying 1 resource
2016-06-03 14:44:42,746 [Worker-85] WARN  o.e.m.c.i.embedder.EclipseLogger - Using platform encoding (UTF-8 actually) to copy filtered resources, i.e. build is platform dependent!
2016-06-03 14:44:42,753 [Worker-85] INFO  o.e.m.c.i.embedder.EclipseLogger - Copying 0 resource
2016-06-03 14:47:04,435 [Worker-90] WARN  o.e.m.c.i.embedder.EclipseLogger - Using platform encoding (UTF-8 actually) to copy filtered resources, i.e. build is platform dependent!
2016-06-03 14:47:04,449 [Worker-90] INFO  o.e.m.c.i.embedder.EclipseLogger - Copying 1 resource
2016-06-03 14:47:04,458 [Worker-90] WARN  o.e.m.c.i.embedder.EclipseLogger - Using platform encoding (UTF-8 actually) to copy filtered resources, i.e. build is platform dependent!
2016-06-03 14:47:04,463 [Worker-90] INFO  o.e.m.c.i.embedder.EclipseLogger - Copying 0 resource
2016-06-03 14:48:34,929 [Worker-81] WARN  o.e.m.c.i.embedder.EclipseLogger - Using platform encoding (UTF-8 actually) to copy filtered resources, i.e. build is platform dependent!
2016-06-03 14:48:34,937 [Worker-81] INFO  o.e.m.c.i.embedder.EclipseLogger - Copying 1 resource
2016-06-03 14:48:34,943 [Worker-81] WARN  o.e.m.c.i.embedder.EclipseLogger - Using platform encoding (UTF-8 actually) to copy filtered resources, i.e. build is platform dependent!
2016-06-03 14:48:34,947 [Worker-81] INFO  o.e.m.c.i.embedder.EclipseLogger - Copying 0 resource
2016-06-03 14:49:32,330 [Worker-88] WARN  o.e.m.c.i.embedder.EclipseLogger - Using platform encoding (UTF-8 actually) to copy filtered resources, i.e. build is platform dependent!
2016-06-03 14:49:32,335 [Worker-88] INFO  o.e.m.c.i.embedder.EclipseLogger - Copying 1 resource
2016-06-03 14:49:32,355 [Worker-88] WARN  o.e.m.c.i.embedder.EclipseLogger - Using platform encoding (UTF-8 actually) to copy filtered resources, i.e. build is platform dependent!
2016-06-03 14:49:32,359 [Worker-88] INFO  o.e.m.c.i.embedder.EclipseLogger - Copying 0 resource
2016-06-03 14:50:37,405 [Worker-94] WARN  o.e.m.c.i.embedder.EclipseLogger - Using platform encoding (UTF-8 actually) to copy filtered resources, i.e. build is platform dependent!
2016-06-03 14:50:37,413 [Worker-94] INFO  o.e.m.c.i.embedder.EclipseLogger - Copying 1 resource
2016-06-03 14:50:37,424 [Worker-94] WARN  o.e.m.c.i.embedder.EclipseLogger - Using platform encoding (UTF-8 actually) to copy filtered resources, i.e. build is platform dependent!
2016-06-03 14:50:37,429 [Worker-94] INFO  o.e.m.c.i.embedder.EclipseLogger - Copying 0 resource
2016-06-03 14:50:51,477 [Worker-94] WARN  o.e.m.c.i.embedder.EclipseLogger - Using platform encoding (UTF-8 actually) to copy filtered resources, i.e. build is platform dependent!
2016-06-03 14:50:51,484 [Worker-94] INFO  o.e.m.c.i.embedder.EclipseLogger - Copying 1 resource
2016-06-03 14:50:51,492 [Worker-94] WARN  o.e.m.c.i.embedder.EclipseLogger - Using platform encoding (UTF-8 actually) to copy filtered resources, i.e. build is platform dependent!
2016-06-03 14:50:51,498 [Worker-94] INFO  o.e.m.c.i.embedder.EclipseLogger - Copying 0 resource
2016-06-03 14:50:57,722 [Worker-83] WARN  o.e.m.c.i.embedder.EclipseLogger - Using platform encoding (UTF-8 actually) to copy filtered resources, i.e. build is platform dependent!
2016-06-03 14:50:57,731 [Worker-83] INFO  o.e.m.c.i.embedder.EclipseLogger - Copying 1 resource
2016-06-03 14:50:57,744 [Worker-83] WARN  o.e.m.c.i.embedder.EclipseLogger - Using platform encoding (UTF-8 actually) to copy filtered resources, i.e. build is platform dependent!
2016-06-03 14:50:57,752 [Worker-83] INFO  o.e.m.c.i.embedder.EclipseLogger - Copying 0 resource
2016-06-03 14:53:17,710 [Worker-91] WARN  o.e.m.c.i.embedder.EclipseLogger - Using platform encoding (UTF-8 actually) to copy filtered resources, i.e. build is platform dependent!
2016-06-03 14:53:17,715 [Worker-91] INFO  o.e.m.c.i.embedder.EclipseLogger - Copying 0 resource
2016-06-03 14:53:17,730 [Worker-91] WARN  o.e.m.c.i.embedder.EclipseLogger - Using platform encoding (UTF-8 actually) to copy filtered resources, i.e. build is platform dependent!
2016-06-03 14:53:17,731 [Worker-91] INFO  o.e.m.c.i.embedder.EclipseLogger - Copying 0 resource
2016-06-03 14:54:00,331 [Worker-95] WARN  o.e.m.c.i.embedder.EclipseLogger - Using platform encoding (UTF-8 actually) to copy filtered resources, i.e. build is platform dependent!
2016-06-03 14:54:00,332 [Worker-95] INFO  o.e.m.c.i.embedder.EclipseLogger - Copying 0 resource
2016-06-03 14:54:00,343 [Worker-95] WARN  o.e.m.c.i.embedder.EclipseLogger - Using platform encoding (UTF-8 actually) to copy filtered resources, i.e. build is platform dependent!
2016-06-03 14:54:00,348 [Worker-95] INFO  o.e.m.c.i.embedder.EclipseLogger - Copying 0 resource
2016-06-03 14:54:25,730 [Worker-83] WARN  o.e.m.c.i.embedder.EclipseLogger - Using platform encoding (UTF-8 actually) to copy filtered resources, i.e. build is platform dependent!
2016-06-03 14:54:25,734 [Worker-83] INFO  o.e.m.c.i.embedder.EclipseLogger - Copying 0 resource
2016-06-03 14:54:25,752 [Worker-83] WARN  o.e.m.c.i.embedder.EclipseLogger - Using platform encoding (UTF-8 actually) to copy filtered resources, i.e. build is platform dependent!
2016-06-03 14:54:25,756 [Worker-83] INFO  o.e.m.c.i.embedder.EclipseLogger - Copying 0 resource
2016-06-03 14:56:18,007 [Worker-95] WARN  o.e.m.c.i.embedder.EclipseLogger - Using platform encoding (UTF-8 actually) to copy filtered resources, i.e. build is platform dependent!
2016-06-03 14:56:18,011 [Worker-95] INFO  o.e.m.c.i.embedder.EclipseLogger - Copying 0 resource
2016-06-03 14:56:18,017 [Worker-95] WARN  o.e.m.c.i.embedder.EclipseLogger - Using platform encoding (UTF-8 actually) to copy filtered resources, i.e. build is platform dependent!
2016-06-03 14:56:18,023 [Worker-95] INFO  o.e.m.c.i.embedder.EclipseLogger - Copying 0 resource
2016-06-03 14:56:56,474 [Worker-90] WARN  o.e.m.c.i.embedder.EclipseLogger - Using platform encoding (UTF-8 actually) to copy filtered resources, i.e. build is platform dependent!
2016-06-03 14:56:56,478 [Worker-90] INFO  o.e.m.c.i.embedder.EclipseLogger - Copying 0 resource
2016-06-03 14:56:56,490 [Worker-90] WARN  o.e.m.c.i.embedder.EclipseLogger - Using platform encoding (UTF-8 actually) to copy filtered resources, i.e. build is platform dependent!
2016-06-03 14:56:56,491 [Worker-90] INFO  o.e.m.c.i.embedder.EclipseLogger - Copying 0 resource
                                                                                                                                                                                                                                                                                                                  2016-06-06 09:16:26,010 [Worker-18] INFO  o.e.m.c.i.l.LifecycleMappingFactory - Using org.maven.ide.eclipse.wtp.WarLifecycleMapping lifecycle mapping for MavenProject: project.pingpong:myapp:1.0.0-BUILD-SNAPSHOT @ /home/matthew/git/RESTpingpong/pingpong/pom.xml.
2016-06-06 09:16:31,777 [Worker-18] WARN  o.e.m.c.i.embedder.EclipseLogger - Using platform encoding (UTF-8 actually) to copy filtered resources, i.e. build is platform dependent!
2016-06-06 09:16:31,784 [Worker-18] INFO  o.e.m.c.i.embedder.EclipseLogger - Copying 1 resource
2016-06-06 09:16:31,810 [Worker-18] WARN  o.e.m.c.i.embedder.EclipseLogger - Using platform encoding (UTF-8 actually) to copy filtered resources, i.e. build is platform dependent!
2016-06-06 09:16:31,811 [Worker-18] INFO  o.e.m.c.i.embedder.EclipseLogger - Copying 1 resource
2016-06-06 09:16:33,102 [Worker-16] WARN  o.e.m.c.i.embedder.EclipseLogger - Using platform encoding (UTF-8 actually) to copy filtered resources, i.e. build is platform dependent!
2016-06-06 09:16:33,105 [Worker-16] INFO  o.e.m.c.i.embedder.EclipseLogger - Copying 1 resource
2016-06-06 09:16:33,107 [Worker-16] WARN  o.e.m.c.i.embedder.EclipseLogger - Using platform encoding (UTF-8 actually) to copy filtered resources, i.e. build is platform dependent!
2016-06-06 09:16:33,108 [Worker-16] INFO  o.e.m.c.i.embedder.EclipseLogger - Copying 1 resource
2016-06-06 09:16:33,821 [Worker-18] WARN  o.e.m.c.i.embedder.EclipseLogger - Using platform encoding (UTF-8 actually) to copy filtered resources, i.e. build is platform dependent!
2016-06-06 09:16:33,825 [Worker-18] INFO  o.e.m.c.i.embedder.EclipseLogger - Copying 1 resource
2016-06-06 09:16:33,827 [Worker-18] WARN  o.e.m.c.i.embedder.EclipseLogger - Using platform encoding (UTF-8 actually) to copy filtered resources, i.e. build is platform dependent!
2016-06-06 09:16:33,835 [Worker-18] INFO  o.e.m.c.i.embedder.EclipseLogger - Copying 1 resource
2016-06-06 09:16:34,403 [Worker-22] WARN  o.e.m.c.i.embedder.EclipseLogger - Using platform encoding (UTF-8 actually) to copy filtered resources, i.e. build is platform dependent!
2016-06-06 09:16:34,413 [Worker-22] INFO  o.e.m.c.i.embedder.EclipseLogger - Copying 1 resource
2016-06-06 09:16:34,417 [Worker-22] WARN  o.e.m.c.i.embedder.EclipseLogger - Using platform encoding (UTF-8 actually) to copy filtered resources, i.e. build is platform dependent!
2016-06-06 09:16:34,418 [Worker-22] INFO  o.e.m.c.i.embedder.EclipseLogger - Copying 1 resource
2016-06-06 09:16:35,102 [Worker-16] WARN  o.e.m.c.i.embedder.EclipseLogger - Using platform encoding (UTF-8 actually) to copy filtered resources, i.e. build is platform dependent!
2016-06-06 09:16:35,103 [Worker-16] INFO  o.e.m.c.i.embedder.EclipseLogger - Copying 1 resource
2016-06-06 09:16:35,116 [Worker-16] WARN  o.e.m.c.i.embedder.EclipseLogger - Using platform encoding (UTF-8 actually) to copy filtered resources, i.e. build is platform dependent!
2016-06-06 09:16:35,120 [Worker-16] INFO  o.e.m.c.i.embedder.EclipseLogger - Copying 1 resource
2016-06-06 09:16:35,842 [Worker-22] WARN  o.e.m.c.i.embedder.EclipseLogger - Using platform encoding (UTF-8 actually) to copy filtered resources, i.e. build is platform dependent!
2016-06-06 09:16:35,843 [Worker-22] INFO  o.e.m.c.i.embedder.EclipseLogger - Copying 1 resource
2016-06-06 09:16:35,853 [Worker-22] WARN  o.e.m.c.i.embedder.EclipseLogger - Using platform encoding (UTF-8 actually) to copy filtered resources, i.e. build is platform dependent!
2016-06-06 09:16:35,854 [Worker-22] INFO  o.e.m.c.i.embedder.EclipseLogger - Copying 1 resource
2016-06-06 09:16:41,229 [Worker-20] WARN  o.e.m.c.i.embedder.EclipseLogger - Using platform encoding (UTF-8 actually) to copy filtered resources, i.e. build is platform dependent!
2016-06-06 09:16:41,247 [Worker-20] INFO  o.e.m.c.i.embedder.EclipseLogger - Copying 0 resource
2016-06-06 09:16:41,257 [Worker-20] WARN  o.e.m.c.i.embedder.EclipseLogger - Using platform encoding (UTF-8 actually) to copy filtered resources, i.e. build is platform dependent!
2016-06-06 09:16:41,257 [Worker-20] INFO  o.e.m.c.i.embedder.EclipseLogger - Copying 0 resource
2016-06-06 09:22:32,168 [Worker-24] WARN  o.e.m.c.i.embedder.EclipseLogger - Using platform encoding (UTF-8 actually) to copy filtered resources, i.e. build is platform dependent!
2016-06-06 09:22:32,177 [Worker-24] INFO  o.e.m.c.i.embedder.EclipseLogger - Copying 0 resource
2016-06-06 09:22:32,199 [Worker-24] WARN  o.e.m.c.i.embedder.EclipseLogger - Using platform encoding (UTF-8 actually) to copy filtered resources, i.e. build is platform dependent!
2016-06-06 09:22:32,200 [Worker-24] INFO  o.e.m.c.i.embedder.EclipseLogger - Copying 0 resource
2016-06-06 09:29:50,209 [Worker-26] WARN  o.e.m.c.i.embedder.EclipseLogger - Using platform encoding (UTF-8 actually) to copy filtered resources, i.e. build is platform dependent!
2016-06-06 09:29:50,245 [Worker-26] INFO  o.e.m.c.i.embedder.EclipseLogger - Copying 1 resource
2016-06-06 09:29:50,251 [Worker-26] WARN  o.e.m.c.i.embedder.EclipseLogger - Using platform encoding (UTF-8 actually) to copy filtered resources, i.e. build is platform dependent!
2016-06-06 09:29:50,261 [Worker-26] INFO  o.e.m.c.i.embedder.EclipseLogger - Copying 0 resource
2016-06-06 09:29:51,704 [Start Help Server] INFO  org.eclipse.jetty.util.log - Logging initialized @2903791ms
2016-06-06 09:29:52,189 [Start Help Server] INFO  org.eclipse.jetty.server.Server - jetty-9.3.5.v20151012
2016-06-06 09:29:52,285 [Start Help Server] INFO  o.e.j.server.handler.ContextHandler - Started o.e.j.s.ServletContextHandler@195bc53{/help,null,AVAILABLE}
2016-06-06 09:29:52,338 [Start Help Server] INFO  o.e.jetty.server.ServerConnector - Started ServerConnector@2893c{HTTP/1.1,[http/1.1]}{127.0.0.1:49521}
2016-06-06 09:29:52,338 [Start Help Server] INFO  org.eclipse.jetty.server.Server - Started @2904430ms
2016-06-06 09:35:05,152 [Worker-35] WARN  o.e.m.c.i.embedder.EclipseLogger - Using platform encoding (UTF-8 actually) to copy filtered resources, i.e. build is platform dependent!
2016-06-06 09:35:05,162 [Worker-35] INFO  o.e.m.c.i.embedder.EclipseLogger - Copying 1 resource
2016-06-06 09:35:05,170 [Worker-35] WARN  o.e.m.c.i.embedder.EclipseLogger - Using platform encoding (UTF-8 actually) to copy filtered resources, i.e. build is platform dependent!
2016-06-06 09:35:05,171 [Worker-35] INFO  o.e.m.c.i.embedder.EclipseLogger - Copying 0 resource
2016-06-06 09:39:41,261 [Worker-49] WARN  o.e.m.c.i.embedder.EclipseLogger - Using platform encoding (UTF-8 actually) to copy filtered resources, i.e. build is platform dependent!
2016-06-06 09:39:41,270 [Worker-49] INFO  o.e.m.c.i.embedder.EclipseLogger - Copying 1 resource
2016-06-06 09:39:41,281 [Worker-49] WARN  o.e.m.c.i.embedder.EclipseLogger - Using platform encoding (UTF-8 actually) to copy filtered resources, i.e. build is platform dependent!
2016-06-06 09:39:41,286 [Worker-49] INFO  o.e.m.c.i.embedder.EclipseLogger - Copying 0 resource
2016-06-06 09:46:46,153 [Worker-32] WARN  o.e.m.c.i.embedder.EclipseLogger - Using platform encoding (UTF-8 actually) to copy filtered resources, i.e. build is platform dependent!
2016-06-06 09:46:46,157 [Worker-32] INFO  o.e.m.c.i.embedder.EclipseLogger - Copying 1 resource
2016-06-06 09:46:46,169 [Worker-32] WARN  o.e.m.c.i.embedder.EclipseLogger - Using platform encoding (UTF-8 actually) to copy filtered resources, i.e. build is platform dependent!
2016-06-06 09:46:46,173 [Worker-32] INFO  o.e.m.c.i.embedder.EclipseLogger - Copying 0 resource
2016-06-06 09:46:54,263 [Worker-51] WARN  o.e.m.c.i.embedder.EclipseLogger - Using platform encoding (UTF-8 actually) to copy filtered resources, i.e. build is platform dependent!
2016-06-06 09:46:54,273 [Worker-51] INFO  o.e.m.c.i.embedder.EclipseLogger - Copying 1 resource
2016-06-06 09:46:54,285 [Worker-51] WARN  o.e.m.c.i.embedder.EclipseLogger - Using platform encoding (UTF-8 actually) to copy filtered resources, i.e. build is platform dependent!
2016-06-06 09:46:54,285 [Worker-51] INFO  o.e.m.c.i.embedder.EclipseLogger - Copying 0 resource
2016-06-06 09:47:14,001 [Worker-40] WARN  o.e.m.c.i.embedder.EclipseLogger - Using platform encoding (UTF-8 actually) to copy filtered resources, i.e. build is platform dependent!
2016-06-06 09:47:14,010 [Worker-40] INFO  o.e.m.c.i.embedder.EclipseLogger - Copying 1 resource
2016-06-06 09:47:14,029 [Worker-40] WARN  o.e.m.c.i.embedder.EclipseLogger - Using platform encoding (UTF-8 actually) to copy filtered resources, i.e. build is platform dependent!
2016-06-06 09:47:14,030 [Worker-40] INFO  o.e.m.c.i.embedder.EclipseLogger - Copying 0 resource
2016-06-06 09:47:39,337 [Worker-52] WARN  o.e.m.c.i.embedder.EclipseLogger - Using platform encoding (UTF-8 actually) to copy filtered resources, i.e. build is platform dependent!
2016-06-06 09:47:39,347 [Worker-52] INFO  o.e.m.c.i.embedder.EclipseLogger - Copying 1 resource
2016-06-06 09:47:39,354 [Worker-52] WARN  o.e.m.c.i.embedder.EclipseLogger - Using platform encoding (UTF-8 actually) to copy filtered resources, i.e. build is platform dependent!
2016-06-06 09:47:39,359 [Worker-52] INFO  o.e.m.c.i.embedder.EclipseLogger - Copying 0 resource
2016-06-06 09:50:25,305 [Worker-62] WARN  o.e.m.c.i.embedder.EclipseLogger - Using platform encoding (UTF-8 actually) to copy filtered resources, i.e. build is platform dependent!
2016-06-06 09:50:25,310 [Worker-62] INFO  o.e.m.c.i.embedder.EclipseLogger - Copying 1 resource
2016-06-06 09:50:25,324 [Worker-62] WARN  o.e.m.c.i.embedder.EclipseLogger - Using platform encoding (UTF-8 actually) to copy filtered resources, i.e. build is platform dependent!
2016-06-06 09:50:25,326 [Worker-62] INFO  o.e.m.c.i.embedder.EclipseLogger - Copying 0 resource
2016-06-06 09:51:25,228 [Worker-63] WARN  o.e.m.c.i.embedder.EclipseLogger - Using platform encoding (UTF-8 actually) to copy filtered resources, i.e. build is platform dependent!
2016-06-06 09:51:25,237 [Worker-63] INFO  o.e.m.c.i.embedder.EclipseLogger - Copying 1 resource
2016-06-06 09:51:25,253 [Worker-63] WARN  o.e.m.c.i.embedder.EclipseLogger - Using platform encoding (UTF-8 actually) to copy filtered resources, i.e. build is platform dependent!
2016-06-06 09:51:25,254 [Worker-63] INFO  o.e.m.c.i.embedder.EclipseLogger - Copying 0 resource
2016-06-06 09:53:29,060 [Worker-65] WARN  o.e.m.c.i.embedder.EclipseLogger - Using platform encoding (UTF-8 actually) to copy filtered resources, i.e. build is platform dependent!
2016-06-06 09:53:29,069 [Worker-65] INFO  o.e.m.c.i.embedder.EclipseLogger - Copying 1 resource
2016-06-06 09:53:29,078 [Worker-65] WARN  o.e.m.c.i.embedder.EclipseLogger - Using platform encoding (UTF-8 actually) to copy filtered resources, i.e. build is platform dependent!
2016-06-06 09:53:29,078 [Worker-65] INFO  o.e.m.c.i.embedder.EclipseLogger - Copying 0 resource
2016-06-06 09:54:01,767 [Worker-65] WARN  o.e.m.c.i.embedder.EclipseLogger - Using platform encoding (UTF-8 actually) to copy filtered resources, i.e. build is platform dependent!
2016-06-06 09:54:01,769 [Worker-65] INFO  o.e.m.c.i.embedder.EclipseLogger - Copying 1 resource
2016-06-06 09:54:01,784 [Worker-65] WARN  o.e.m.c.i.embedder.EclipseLogger - Using platform encoding (UTF-8 actually) to copy filtered resources, i.e. build is platform dependent!
2016-06-06 09:54:01,785 [Worker-65] INFO  o.e.m.c.i.embedder.EclipseLogger - Copying 0 resource
2016-06-06 09:54:24,999 [Worker-66] WARN  o.e.m.c.i.embedder.EclipseLogger - Using platform encoding (UTF-8 actually) to copy filtered resources, i.e. build is platform dependent!
2016-06-06 09:54:25,004 [Worker-66] INFO  o.e.m.c.i.embedder.EclipseLogger - Copying 1 resource
2016-06-06 09:54:25,015 [Worker-66] WARN  o.e.m.c.i.embedder.EclipseLogger - Using platform encoding (UTF-8 actually) to copy filtered resources, i.e. build is platform dependent!
2016-06-06 09:54:25,018 [Worker-66] INFO  o.e.m.c.i.embedder.EclipseLogger - Copying 0 resource
2016-06-06 09:54:28,565 [Worker-65] WARN  o.e.m.c.i.embedder.EclipseLogger - Using platform encoding (UTF-8 actually) to copy filtered resources, i.e. build is platform dependent!
2016-06-06 09:54:28,567 [Worker-65] INFO  o.e.m.c.i.embedder.EclipseLogger - Copying 1 resource
2016-06-06 09:54:28,574 [Worker-65] WARN  o.e.m.c.i.embedder.EclipseLogger - Using platform encoding (UTF-8 actually) to copy filtered resources, i.e. build is platform dependent!
2016-06-06 09:54:28,575 [Worker-65] INFO  o.e.m.c.i.embedder.EclipseLogger - Copying 0 resource
2016-06-06 09:54:56,669 [Worker-70] WARN  o.e.m.c.i.embedder.EclipseLogger - Using platform encoding (UTF-8 actually) to copy filtered resources, i.e. build is platform dependent!
2016-06-06 09:54:56,675 [Worker-70] INFO  o.e.m.c.i.embedder.EclipseLogger - Copying 1 resource
2016-06-06 09:54:56,686 [Worker-70] WARN  o.e.m.c.i.embedder.EclipseLogger - Using platform encoding (UTF-8 actually) to copy filtered resources, i.e. build is platform dependent!
2016-06-06 09:54:56,686 [Worker-70] INFO  o.e.m.c.i.embedder.EclipseLogger - Copying 0 resource
2016-06-06 09:55:16,778 [Worker-67] WARN  o.e.m.c.i.embedder.EclipseLogger - Using platform encoding (UTF-8 actually) to copy filtered resources, i.e. build is platform dependent!
2016-06-06 09:55:16,780 [Worker-67] INFO  o.e.m.c.i.embedder.EclipseLogger - Copying 1 resource
2016-06-06 09:55:16,788 [Worker-67] WARN  o.e.m.c.i.embedder.EclipseLogger - Using platform encoding (UTF-8 actually) to copy filtered resources, i.e. build is platform dependent!
2016-06-06 09:55:16,789 [Worker-67] INFO  o.e.m.c.i.embedder.EclipseLogger - Copying 0 resource
2016-06-06 09:55:26,024 [Worker-53] WARN  o.e.m.c.i.embedder.EclipseLogger - Using platform encoding (UTF-8 actually) to copy filtered resources, i.e. build is platform dependent!
2016-06-06 09:55:26,028 [Worker-53] INFO  o.e.m.c.i.embedder.EclipseLogger - Copying 1 resource
2016-06-06 09:55:26,034 [Worker-53] WARN  o.e.m.c.i.embedder.EclipseLogger - Using platform encoding (UTF-8 actually) to copy filtered resources, i.e. build is platform dependent!
2016-06-06 09:55:26,037 [Worker-53] INFO  o.e.m.c.i.embedder.EclipseLogger - Copying 0 resource
2016-06-06 10:02:06,602 [Worker-76] WARN  o.e.m.c.i.embedder.EclipseLogger - Using platform encoding (UTF-8 actually) to copy filtered resources, i.e. build is platform dependent!
2016-06-06 10:02:06,617 [Worker-76] INFO  o.e.m.c.i.embedder.EclipseLogger - Copying 1 resource
2016-06-06 10:02:06,629 [Worker-76] WARN  o.e.m.c.i.embedder.EclipseLogger - Using platform encoding (UTF-8 actually) to copy filtered resources, i.e. build is platform dependent!
2016-06-06 10:02:06,635 [Worker-76] INFO  o.e.m.c.i.embedder.EclipseLogger - Copying 0 resource
2016-06-06 10:02:38,499 [Worker-76] WARN  o.e.m.c.i.embedder.EclipseLogger - Using platform encoding (UTF-8 actually) to copy filtered resources, i.e. build is platform dependent!
2016-06-06 10:02:38,508 [Worker-76] INFO  o.e.m.c.i.embedder.EclipseLogger - Copying 1 resource
2016-06-06 10:02:38,513 [Worker-76] WARN  o.e.m.c.i.embedder.EclipseLogger - Using platform encoding (UTF-8 actually) to copy filtered resources, i.e. build is platform dependent!
2016-06-06 10:02:38,519 [Worker-76] INFO  o.e.m.c.i.embedder.EclipseLogger - Copying 0 resource
2016-06-06 10:03:14,167 [Worker-79] WARN  o.e.m.c.i.embedder.EclipseLogger - Using platform encoding (UTF-8 actually) to copy filtered resources, i.e. build is platform dependent!
2016-06-06 10:03:14,175 [Worker-79] INFO  o.e.m.c.i.embedder.EclipseLogger - Copying 1 resource
2016-06-06 10:03:14,183 [Worker-79] WARN  o.e.m.c.i.embedder.EclipseLogger - Using platform encoding (UTF-8 actually) to copy filtered resources, i.e. build is platform dependent!
2016-06-06 10:03:14,184 [Worker-79] INFO  o.e.m.c.i.embedder.EclipseLogger - Copying 0 resource
2016-06-06 10:04:23,555 [Worker-83] WARN  o.e.m.c.i.embedder.EclipseLogger - Using platform encoding (UTF-8 actually) to copy filtered resources, i.e. build is platform dependent!
2016-06-06 10:04:23,567 [Worker-83] INFO  o.e.m.c.i.embedder.EclipseLogger - Copying 1 resource
2016-06-06 10:04:23,577 [Worker-83] WARN  o.e.m.c.i.embedder.EclipseLogger - Using platform encoding (UTF-8 actually) to copy filtered resources, i.e. build is platform dependent!
2016-06-06 10:04:23,583 [Worker-83] INFO  o.e.m.c.i.embedder.EclipseLogger - Copying 0 resource
2016-06-06 10:04:59,708 [Worker-76] WARN  o.e.m.c.i.embedder.EclipseLogger - Using platform encoding (UTF-8 actually) to copy filtered resources, i.e. build is platform dependent!
2016-06-06 10:04:59,716 [Worker-76] INFO  o.e.m.c.i.embedder.EclipseLogger - Copying 1 resource
2016-06-06 10:04:59,722 [Worker-76] WARN  o.e.m.c.i.embedder.EclipseLogger - Using platform encoding (UTF-8 actually) to copy filtered resources, i.e. build is platform dependent!
2016-06-06 10:04:59,726 [Worker-76] INFO  o.e.m.c.i.embedder.EclipseLogger - Copying 0 resource
2016-06-06 10:11:54,785 [Worker-86] WARN  o.e.m.c.i.embedder.EclipseLogger - Using platform encoding (UTF-8 actually) to copy filtered resources, i.e. build is platform dependent!
2016-06-06 10:11:54,789 [Worker-86] INFO  o.e.m.c.i.embedder.EclipseLogger - Copying 1 resource
2016-06-06 10:11:54,797 [Worker-86] WARN  o.e.m.c.i.embedder.EclipseLogger - Using platform encoding (UTF-8 actually) to copy filtered resources, i.e. build is platform dependent!
2016-06-06 10:11:54,799 [Worker-86] INFO  o.e.m.c.i.embedder.EclipseLogger - Copying 0 resource
2016-06-06 10:12:39,994 [Worker-91] WARN  o.e.m.c.i.embedder.EclipseLogger - Using platform encoding (UTF-8 actually) to copy filtered resources, i.e. build is platform dependent!
2016-06-06 10:12:40,002 [Worker-91] INFO  o.e.m.c.i.embedder.EclipseLogger - Copying 1 resource
2016-06-06 10:12:40,012 [Worker-91] WARN  o.e.m.c.i.embedder.EclipseLogger - Using platform encoding (UTF-8 actually) to copy filtered resources, i.e. build is platform dependent!
2016-06-06 10:12:40,021 [Worker-91] INFO  o.e.m.c.i.embedder.EclipseLogger - Copying 0 resource
2016-06-06 10:12:51,516 [Worker-89] WARN  o.e.m.c.i.embedder.EclipseLogger - Using platform encoding (UTF-8 actually) to copy filtered resources, i.e. build is platform dependent!
2016-06-06 10:12:51,520 [Worker-89] INFO  o.e.m.c.i.embedder.EclipseLogger - Copying 1 resource
2016-06-06 10:12:51,528 [Worker-89] WARN  o.e.m.c.i.embedder.EclipseLogger - Using platform encoding (UTF-8 actually) to copy filtered resources, i.e. build is platform dependent!
2016-06-06 10:12:51,529 [Worker-89] INFO  o.e.m.c.i.embedder.EclipseLogger - Copying 0 resource
2016-06-06 10:17:00,158 [Stop Help Server] INFO  o.e.jetty.server.ServerConnector - Stopped ServerConnector@2893c{HTTP/1.1,[http/1.1]}{127.0.0.1:0}
2016-06-06 10:17:00,191 [Stop Help Server] INFO  o.e.j.server.handler.ContextHandler - Stopped o.e.j.s.ServletContextHandler@195bc53{/help,null,UNAVAILABLE}
2016-06-06 10:37:35,007 [Start Help Server] INFO  org.eclipse.jetty.util.log - Logging initialized @1228287ms
2016-06-06 10:37:35,961 [Start Help Server] INFO  org.eclipse.jetty.server.Server - jetty-9.3.5.v20151012
2016-06-06 10:37:36,275 [Start Help Server] INFO  o.e.j.server.handler.ContextHandler - Started o.e.j.s.ServletContextHandler@152b9d3{/help,null,AVAILABLE}
2016-06-06 10:37:36,355 [Start Help Server] INFO  o.e.jetty.server.ServerConnector - Started ServerConnector@36036b{HTTP/1.1,[http/1.1]}{127.0.0.1:44524}
2016-06-06 10:37:36,357 [Start Help Server] INFO  org.eclipse.jetty.server.Server - Started @1229668ms
2016-06-06 10:37:38,943 [Worker-21] WARN  o.e.m.c.i.embedder.EclipseLogger - Using platform encoding (UTF-8 actually) to copy filtered resources, i.e. build is platform dependent!
2016-06-06 10:37:38,955 [Worker-21] INFO  o.e.m.c.i.embedder.EclipseLogger - Copying 1 resource
2016-06-06 10:37:38,967 [Worker-21] WARN  o.e.m.c.i.embedder.EclipseLogger - Using platform encoding (UTF-8 actually) to copy filtered resources, i.e. build is platform dependent!
2016-06-06 10:37:38,967 [Worker-21] INFO  o.e.m.c.i.embedder.EclipseLogger - Copying 1 resource
2016-06-06 10:38:11,309 [Worker-24] WARN  o.e.m.c.i.embedder.EclipseLogger - Using platform encoding (UTF-8 actually) to copy filtered resources, i.e. build is platform dependent!
2016-06-06 10:38:11,352 [Worker-24] INFO  o.e.m.c.i.embedder.EclipseLogger - Copying 1 resource
2016-06-06 10:38:11,378 [Worker-24] WARN  o.e.m.c.i.embedder.EclipseLogger - Using platform encoding (UTF-8 actually) to copy filtered resources, i.e. build is platform dependent!
2016-06-06 10:38:11,384 [Worker-24] INFO  o.e.m.c.i.embedder.EclipseLogger - Copying 0 resource
2016-06-06 11:02:10,421 [Worker-35] WARN  o.e.m.c.i.embedder.EclipseLogger - Using platform encoding (UTF-8 actually) to copy filtered resources, i.e. build is platform dependent!
2016-06-06 11:02:10,428 [Worker-35] INFO  o.e.m.c.i.embedder.EclipseLogger - Copying 1 resource
2016-06-06 11:02:10,440 [Worker-35] WARN  o.e.m.c.i.embedder.EclipseLogger - Using platform encoding (UTF-8 actually) to copy filtered resources, i.e. build is platform dependent!
2016-06-06 11:02:10,442 [Worker-35] INFO  o.e.m.c.i.embedder.EclipseLogger - Copying 0 resource
2016-06-06 11:08:25,099 [Worker-43] WARN  o.e.m.c.i.embedder.EclipseLogger - Using platform encoding (UTF-8 actually) to copy filtered resources, i.e. build is platform dependent!
2016-06-06 11:08:25,116 [Worker-43] INFO  o.e.m.c.i.embedder.EclipseLogger - Copying 1 resource
2016-06-06 11:08:25,123 [Worker-43] WARN  o.e.m.c.i.embedder.EclipseLogger - Using platform encoding (UTF-8 actually) to copy filtered resources, i.e. build is platform dependent!
2016-06-06 11:08:25,128 [Worker-43] INFO  o.e.m.c.i.embedder.EclipseLogger - Copying 0 resource
2016-06-06 11:09:04,238 [Worker-45] WARN  o.e.m.c.i.embedder.EclipseLogger - Using platform encoding (UTF-8 actually) to copy filtered resources, i.e. build is platform dependent!
2016-06-06 11:09:04,242 [Worker-45] INFO  o.e.m.c.i.embedder.EclipseLogger - Copying 1 resource
2016-06-06 11:09:04,247 [Worker-45] WARN  o.e.m.c.i.embedder.EclipseLogger - Using platform encoding (UTF-8 actually) to copy filtered resources, i.e. build is platform dependent!
2016-06-06 11:09:04,248 [Worker-45] INFO  o.e.m.c.i.embedder.EclipseLogger - Copying 0 resource
2016-06-06 11:09:12,231 [Worker-32] WARN  o.e.m.c.i.embedder.EclipseLogger - Using platform encoding (UTF-8 actually) to copy filtered resources, i.e. build is platform dependent!
2016-06-06 11:09:12,238 [Worker-32] INFO  o.e.m.c.i.embedder.EclipseLogger - Copying 1 resource
2016-06-06 11:09:12,240 [Worker-32] WARN  o.e.m.c.i.embedder.EclipseLogger - Using platform encoding (UTF-8 actually) to copy filtered resources, i.e. build is platform dependent!
2016-06-06 11:09:12,243 [Worker-32] INFO  o.e.m.c.i.embedder.EclipseLogger - Copying 0 resource
2016-06-06 11:17:36,737 [Worker-46] WARN  o.e.m.c.i.embedder.EclipseLogger - Using platform encoding (UTF-8 actually) to copy filtered resources, i.e. build is platform dependent!
2016-06-06 11:17:36,745 [Worker-46] INFO  o.e.m.c.i.embedder.EclipseLogger - Copying 1 resource
2016-06-06 11:17:36,753 [Worker-46] WARN  o.e.m.c.i.embedder.EclipseLogger - Using platform encoding (UTF-8 actually) to copy filtered resources, i.e. build is platform dependent!
2016-06-06 11:17:36,759 [Worker-46] INFO  o.e.m.c.i.embedder.EclipseLogger - Copying 0 resource
2016-06-06 11:17:50,641 [Worker-48] WARN  o.e.m.c.i.embedder.EclipseLogger - Using platform encoding (UTF-8 actually) to copy filtered resources, i.e. build is platform dependent!
2016-06-06 11:17:50,646 [Worker-48] INFO  o.e.m.c.i.embedder.EclipseLogger - Copying 1 resource
2016-06-06 11:17:50,665 [Worker-48] WARN  o.e.m.c.i.embedder.EclipseLogger - Using platform encoding (UTF-8 actually) to copy filtered resources, i.e. build is platform dependent!
2016-06-06 11:17:50,667 [Worker-48] INFO  o.e.m.c.i.embedder.EclipseLogger - Copying 0 resource
2016-06-06 11:18:25,764 [Worker-50] WARN  o.e.m.c.i.embedder.EclipseLogger - Using platform encoding (UTF-8 actually) to copy filtered resources, i.e. build is platform dependent!
2016-06-06 11:18:25,774 [Worker-50] INFO  o.e.m.c.i.embedder.EclipseLogger - Copying 1 resource
2016-06-06 11:18:25,782 [Worker-50] WARN  o.e.m.c.i.embedder.EclipseLogger - Using platform encoding (UTF-8 actually) to copy filtered resources, i.e. build is platform dependent!
2016-06-06 11:18:25,784 [Worker-50] INFO  o.e.m.c.i.embedder.EclipseLogger - Copying 0 resource
2016-06-06 11:18:45,694 [Worker-40] WARN  o.e.m.c.i.embedder.EclipseLogger - Using platform encoding (UTF-8 actually) to copy filtered resources, i.e. build is platform dependent!
2016-06-06 11:18:45,698 [Worker-40] INFO  o.e.m.c.i.embedder.EclipseLogger - Copying 1 resource
2016-06-06 11:18:45,710 [Worker-40] WARN  o.e.m.c.i.embedder.EclipseLogger - Using platform encoding (UTF-8 actually) to copy filtered resources, i.e. build is platform dependent!
2016-06-06 11:18:45,714 [Worker-40] INFO  o.e.m.c.i.embedder.EclipseLogger - Copying 0 resource
2016-06-06 11:18:51,286 [Worker-47] WARN  o.e.m.c.i.embedder.EclipseLogger - Using platform encoding (UTF-8 actually) to copy filtered resources, i.e. build is platform dependent!
2016-06-06 11:18:51,288 [Worker-47] INFO  o.e.m.c.i.embedder.EclipseLogger - Copying 1 resource
2016-06-06 11:18:51,295 [Worker-47] WARN  o.e.m.c.i.embedder.EclipseLogger - Using platform encoding (UTF-8 actually) to copy filtered resources, i.e. build is platform dependent!
2016-06-06 11:18:51,301 [Worker-47] INFO  o.e.m.c.i.embedder.EclipseLogger - Copying 0 resource
2016-06-06 11:18:55,257 [Worker-48] WARN  o.e.m.c.i.embedder.EclipseLogger - Using platform encoding (UTF-8 actually) to copy filtered resources, i.e. build is platform dependent!
2016-06-06 11:18:55,263 [Worker-48] INFO  o.e.m.c.i.embedder.EclipseLogger - Copying 1 resource
2016-06-06 11:18:55,270 [Worker-48] WARN  o.e.m.c.i.embedder.EclipseLogger - Using platform encoding (UTF-8 actually) to copy filtered resources, i.e. build is platform dependent!
2016-06-06 11:18:55,273 [Worker-48] INFO  o.e.m.c.i.embedder.EclipseLogger - Copying 0 resource
2016-06-06 11:19:09,027 [Worker-46] WARN  o.e.m.c.i.embedder.EclipseLogger - Using platform encoding (UTF-8 actually) to copy filtered resources, i.e. build is platform dependent!
2016-06-06 11:19:09,030 [Worker-46] INFO  o.e.m.c.i.embedder.EclipseLogger - Copying 1 resource
2016-06-06 11:19:09,037 [Worker-46] WARN  o.e.m.c.i.embedder.EclipseLogger - Using platform encoding (UTF-8 actually) to copy filtered resources, i.e. build is platform dependent!
2016-06-06 11:19:09,039 [Worker-46] INFO  o.e.m.c.i.embedder.EclipseLogger - Copying 0 resource
2016-06-06 11:19:42,215 [Worker-47] WARN  o.e.m.c.i.embedder.EclipseLogger - Using platform encoding (UTF-8 actually) to copy filtered resources, i.e. build is platform dependent!
2016-06-06 11:19:42,218 [Worker-47] INFO  o.e.m.c.i.embedder.EclipseLogger - Copying 1 resource
2016-06-06 11:19:42,229 [Worker-47] WARN  o.e.m.c.i.embedder.EclipseLogger - Using platform encoding (UTF-8 actually) to copy filtered resources, i.e. build is platform dependent!
2016-06-06 11:19:42,232 [Worker-47] INFO  o.e.m.c.i.embedder.EclipseLogger - Copying 0 resource
2016-06-06 11:20:11,141 [Worker-52] WARN  o.e.m.c.i.embedder.EclipseLogger - Using platform encoding (UTF-8 actually) to copy filtered resources, i.e. build is platform dependent!
2016-06-06 11:20:11,157 [Worker-52] INFO  o.e.m.c.i.embedder.EclipseLogger - Copying 1 resource
2016-06-06 11:20:11,166 [Worker-52] WARN  o.e.m.c.i.embedder.EclipseLogger - Using platform encoding (UTF-8 actually) to copy filtered resources, i.e. build is platform dependent!
2016-06-06 11:20:11,167 [Worker-52] INFO  o.e.m.c.i.embedder.EclipseLogger - Copying 0 resource
2016-06-06 11:20:40,286 [Worker-53] WARN  o.e.m.c.i.embedder.EclipseLogger - Using platform encoding (UTF-8 actually) to copy filtered resources, i.e. build is platform dependent!
2016-06-06 11:20:40,289 [Worker-53] INFO  o.e.m.c.i.embedder.EclipseLogger - Copying 1 resource
2016-06-06 11:20:40,311 [Worker-53] WARN  o.e.m.c.i.embedder.EclipseLogger - Using platform encoding (UTF-8 actually) to copy filtered resources, i.e. build is platform dependent!
2016-06-06 11:20:40,312 [Worker-53] INFO  o.e.m.c.i.embedder.EclipseLogger - Copying 0 resource
2016-06-06 11:20:43,397 [Worker-51] WARN  o.e.m.c.i.embedder.EclipseLogger - Using platform encoding (UTF-8 actually) to copy filtered resources, i.e. build is platform dependent!
2016-06-06 11:20:43,400 [Worker-51] INFO  o.e.m.c.i.embedder.EclipseLogger - Copying 1 resource
2016-06-06 11:20:43,404 [Worker-51] WARN  o.e.m.c.i.embedder.EclipseLogger - Using platform encoding (UTF-8 actually) to copy filtered resources, i.e. build is platform dependent!
2016-06-06 11:20:43,408 [Worker-51] INFO  o.e.m.c.i.embedder.EclipseLogger - Copying 0 resource
2016-06-06 11:22:07,345 [Worker-49] WARN  o.e.m.c.i.embedder.EclipseLogger - Using platform encoding (UTF-8 actually) to copy filtered resources, i.e. build is platform dependent!
2016-06-06 11:22:07,352 [Worker-49] INFO  o.e.m.c.i.embedder.EclipseLogger - Copying 1 resource
2016-06-06 11:22:07,354 [Worker-49] WARN  o.e.m.c.i.embedder.EclipseLogger - Using platform encoding (UTF-8 actually) to copy filtered resources, i.e. build is platform dependent!
2016-06-06 11:22:07,355 [Worker-49] INFO  o.e.m.c.i.embedder.EclipseLogger - Copying 0 resource
2016-06-06 11:23:44,175 [Worker-50] WARN  o.e.m.c.i.embedder.EclipseLogger - Using platform encoding (UTF-8 actually) to copy filtered resources, i.e. build is platform dependent!
2016-06-06 11:23:44,184 [Worker-50] INFO  o.e.m.c.i.embedder.EclipseLogger - Copying 1 resource
2016-06-06 11:23:44,193 [Worker-50] WARN  o.e.m.c.i.embedder.EclipseLogger - Using platform encoding (UTF-8 actually) to copy filtered resources, i.e. build is platform dependent!
2016-06-06 11:23:44,200 [Worker-50] INFO  o.e.m.c.i.embedder.EclipseLogger - Copying 0 resource
2016-06-06 11:24:00,883 [Worker-47] WARN  o.e.m.c.i.embedder.EclipseLogger - Using platform encoding (UTF-8 actually) to copy filtered resources, i.e. build is platform dependent!
2016-06-06 11:24:00,891 [Worker-47] INFO  o.e.m.c.i.embedder.EclipseLogger - Copying 1 resource
2016-06-06 11:24:00,899 [Worker-47] WARN  o.e.m.c.i.embedder.EclipseLogger - Using platform encoding (UTF-8 actually) to copy filtered resources, i.e. build is platform dependent!
2016-06-06 11:24:00,902 [Worker-47] INFO  o.e.m.c.i.embedder.EclipseLogger - Copying 0 resource
2016-06-06 11:24:14,943 [Worker-49] WARN  o.e.m.c.i.embedder.EclipseLogger - Using platform encoding (UTF-8 actually) to copy filtered resources, i.e. build is platform dependent!
2016-06-06 11:24:14,949 [Worker-49] INFO  o.e.m.c.i.embedder.EclipseLogger - Copying 1 resource
2016-06-06 11:24:14,962 [Worker-49] WARN  o.e.m.c.i.embedder.EclipseLogger - Using platform encoding (UTF-8 actually) to copy filtered resources, i.e. build is platform dependent!
2016-06-06 11:24:14,963 [Worker-49] INFO  o.e.m.c.i.embedder.EclipseLogger - Copying 0 resource
2016-06-06 11:25:51,483 [Worker-46] WARN  o.e.m.c.i.embedder.EclipseLogger - Using platform encoding (UTF-8 actually) to copy filtered resources, i.e. build is platform dependent!
2016-06-06 11:25:51,490 [Worker-46] INFO  o.e.m.c.i.embedder.EclipseLogger - Copying 1 resource
2016-06-06 11:25:51,497 [Worker-46] WARN  o.e.m.c.i.embedder.EclipseLogger - Using platform encoding (UTF-8 actually) to copy filtered resources, i.e. build is platform dependent!
2016-06-06 11:25:51,498 [Worker-46] INFO  o.e.m.c.i.embedder.EclipseLogger - Copying 0 resource
2016-06-06 11:26:01,079 [Worker-55] WARN  o.e.m.c.i.embedder.EclipseLogger - Using platform encoding (UTF-8 actually) to copy filtered resources, i.e. build is platform dependent!
2016-06-06 11:26:01,086 [Worker-55] INFO  o.e.m.c.i.embedder.EclipseLogger - Copying 1 resource
2016-06-06 11:26:01,094 [Worker-55] WARN  o.e.m.c.i.embedder.EclipseLogger - Using platform encoding (UTF-8 actually) to copy filtered resources, i.e. build is platform dependent!
2016-06-06 11:26:01,099 [Worker-55] INFO  o.e.m.c.i.embedder.EclipseLogger - Copying 0 resource
2016-06-06 11:26:08,312 [Worker-60] WARN  o.e.m.c.i.embedder.EclipseLogger - Using platform encoding (UTF-8 actually) to copy filtered resources, i.e. build is platform dependent!
2016-06-06 11:26:08,314 [Worker-60] INFO  o.e.m.c.i.embedder.EclipseLogger - Copying 1 resource
2016-06-06 11:26:08,319 [Worker-60] WARN  o.e.m.c.i.embedder.EclipseLogger - Using platform encoding (UTF-8 actually) to copy filtered resources, i.e. build is platform dependent!
2016-06-06 11:26:08,322 [Worker-60] INFO  o.e.m.c.i.embedder.EclipseLogger - Copying 0 resource
2016-06-06 11:39:50,994 [Worker-59] WARN  o.e.m.c.i.embedder.EclipseLogger - Using platform encoding (UTF-8 actually) to copy filtered resources, i.e. build is platform dependent!
2016-06-06 11:39:51,003 [Worker-59] INFO  o.e.m.c.i.embedder.EclipseLogger - Copying 1 resource
2016-06-06 11:39:51,010 [Worker-59] WARN  o.e.m.c.i.embedder.EclipseLogger - Using platform encoding (UTF-8 actually) to copy filtered resources, i.e. build is platform dependent!
2016-06-06 11:39:51,011 [Worker-59] INFO  o.e.m.c.i.embedder.EclipseLogger - Copying 0 resource
